2400:6180::/32
2400:6180::/48
2400:6180:1::/48
2400:6180:10::/48
2400:6180:100::/40
2400:6180:e000::/36
2400:6180:f000::/36
2604:a880::/32
2604:a880::/48
2604:a880:1::/48
2604:a880:2::/48
2604:a880:3::/48
2604:a880:4::/48
2604:a880:5::/48
2604:a880:50::/48
2604:a880:400::/48
2604:a880:800::/48
2604:a880:801::/48
2604:a880:802::/48
2604:a880:fe00::/40
2604:a880:ffff::/48
2a03:b0c0::/32
2a03:b0c0::/48
2a03:b0c0:1::/48
2a03:b0c0:2::/48
2a03:b0c0:3::/48
2a03:b0c0:fffc::/48
2a03:b0c0:fffd::/48
2a03:b0c0:fffe::/48
2a03:b0c0:ffff::/48
2400:6180::/32
2400:6180::/48
2400:6180:1::/48
2400:6180:10::/48
2400:6180:100::/40
2400:6180:e000::/36
2400:6180:f000::/36
2604:a880::/32
2604:a880::/48
2604:a880:1::/48
2604:a880:2::/48
2604:a880:3::/48
2604:a880:4::/48
2604:a880:5::/48
2604:a880:50::/48
2604:a880:400::/48
2604:a880:800::/48
2604:a880:801::/48
2604:a880:802::/48
2604:a880:fe00::/40
2604:a880:ffff::/48
2a03:b0c0::/32
2a03:b0c0::/48
2a03:b0c0:1::/48
2a03:b0c0:2::/48
2a03:b0c0:3::/48
2a03:b0c0:fffc::/48
2a03:b0c0:fffd::/48
2a03:b0c0:fffe::/48
2a03:b0c0:ffff::/48
